This is pdfTeX, Version 3.14159265-2.6-1.40.16 (TeX Live 2015) (preloaded format=pdflatex 2015.5.24)  19 NOV 2015 14:48
entering extended mode
 restricted \write18 enabled.
 file:line:error style messages enabled.
 %&-line parsing enabled.
**report.tex
(./report.tex
LaTeX2e <2015/01/01>
Babel <3.9l> and hyphenation patterns for 79 languages loaded.
(/usr/local/texlive/2015/texmf-dist/tex/latex/base/article.cls
Document Class: article 2014/09/29 v1.4h Standard LaTeX document class
(/usr/local/texlive/2015/texmf-dist/tex/latex/base/size12.clo
File: size12.clo 2014/09/29 v1.4h Standard LaTeX file (size option)
)
\c@part=\count79
\c@section=\count80
\c@subsection=\count81
\c@subsubsection=\count82
\c@paragraph=\count83
\c@subparagraph=\count84
\c@figure=\count85
\c@table=\count86
\abovecaptionskip=\skip41
\belowcaptionskip=\skip42
\bibindent=\dimen102
)
(/usr/local/texlive/2015/texmf-dist/tex/latex/graphics/graphicx.sty
Package: graphicx 2014/10/28 v1.0g Enhanced LaTeX Graphics (DPC,SPQR)

(/usr/local/texlive/2015/texmf-dist/tex/latex/graphics/keyval.sty
Package: keyval 2014/10/28 v1.15 key=value parser (DPC)
\KV@toks@=\toks14
)
(/usr/local/texlive/2015/texmf-dist/tex/latex/graphics/graphics.sty
Package: graphics 2014/10/28 v1.0p Standard LaTeX Graphics (DPC,SPQR)

(/usr/local/texlive/2015/texmf-dist/tex/latex/graphics/trig.sty
Package: trig 1999/03/16 v1.09 sin cos tan (DPC)
)
(/usr/local/texlive/2015/texmf-dist/tex/latex/latexconfig/graphics.cfg
File: graphics.cfg 2010/04/23 v1.9 graphics configuration of TeX Live
)
Package graphics Info: Driver file: pdftex.def on input line 94.

(/usr/local/texlive/2015/texmf-dist/tex/latex/pdftex-def/pdftex.def
File: pdftex.def 2011/05/27 v0.06d Graphics/color for pdfTeX

(/usr/local/texlive/2015/texmf-dist/tex/generic/oberdiek/infwarerr.sty
Package: infwarerr 2010/04/08 v1.3 Providing info/warning/error messages (HO)
)
(/usr/local/texlive/2015/texmf-dist/tex/generic/oberdiek/ltxcmds.sty
Package: ltxcmds 2011/11/09 v1.22 LaTeX kernel commands for general use (HO)
)
\Gread@gobject=\count87
))
\Gin@req@height=\dimen103
\Gin@req@width=\dimen104
)
(/usr/local/texlive/2015/texmf-dist/tex/latex/url/url.sty
\Urlmuskip=\muskip10
Package: url 2013/09/16  ver 3.4  Verb mode for urls, etc.
)
(/usr/local/texlive/2015/texmf-dist/tex/latex/caption/subcaption.sty
Package: subcaption 2013/02/03 v1.1-62 Sub-captions (AR)

(/usr/local/texlive/2015/texmf-dist/tex/latex/caption/caption.sty
Package: caption 2013/05/02 v3.3-89 Customizing captions (AR)

(/usr/local/texlive/2015/texmf-dist/tex/latex/caption/caption3.sty
Package: caption3 2013/05/02 v1.6-88 caption3 kernel (AR)
Package caption3 Info: TeX engine: e-TeX on input line 57.
\captionmargin=\dimen105
\captionmargin@=\dimen106
\captionwidth=\dimen107
\caption@tempdima=\dimen108
\caption@indent=\dimen109
\caption@parindent=\dimen110
\caption@hangindent=\dimen111
)
\c@ContinuedFloat=\count88
)
\c@subfigure=\count89
\c@subtable=\count90
)
(./report.aux)
\openout1 = `report.aux'.

LaTeX Font Info:    Checking defaults for OML/cmm/m/it on input line 26.
LaTeX Font Info:    ... okay on input line 26.
LaTeX Font Info:    Checking defaults for T1/cmr/m/n on input line 26.
LaTeX Font Info:    ... okay on input line 26.
LaTeX Font Info:    Checking defaults for OT1/cmr/m/n on input line 26.
LaTeX Font Info:    ... okay on input line 26.
LaTeX Font Info:    Checking defaults for OMS/cmsy/m/n on input line 26.
LaTeX Font Info:    ... okay on input line 26.
LaTeX Font Info:    Checking defaults for OMX/cmex/m/n on input line 26.
LaTeX Font Info:    ... okay on input line 26.
LaTeX Font Info:    Checking defaults for U/cmr/m/n on input line 26.
LaTeX Font Info:    ... okay on input line 26.

(/usr/local/texlive/2015/texmf-dist/tex/context/base/supp-pdf.mkii
[Loading MPS to PDF converter (version 2006.09.02).]
\scratchcounter=\count91
\scratchdimen=\dimen112
\scratchbox=\box26
\nofMPsegments=\count92
\nofMParguments=\count93
\everyMPshowfont=\toks15
\MPscratchCnt=\count94
\MPscratchDim=\dimen113
\MPnumerator=\count95
\makeMPintoPDFobject=\count96
\everyMPtoPDFconversion=\toks16
) (/usr/local/texlive/2015/texmf-dist/tex/generic/oberdiek/pdftexcmds.sty
Package: pdftexcmds 2011/11/29 v0.20 Utility functions of pdfTeX for LuaTeX (HO
)

(/usr/local/texlive/2015/texmf-dist/tex/generic/oberdiek/ifluatex.sty
Package: ifluatex 2010/03/01 v1.3 Provides the ifluatex switch (HO)
Package ifluatex Info: LuaTeX not detected.
)
(/usr/local/texlive/2015/texmf-dist/tex/generic/oberdiek/ifpdf.sty
Package: ifpdf 2011/01/30 v2.3 Provides the ifpdf switch (HO)
Package ifpdf Info: pdfTeX in PDF mode is detected.
)
Package pdftexcmds Info: LuaTeX not detected.
Package pdftexcmds Info: \pdf@primitive is available.
Package pdftexcmds Info: \pdf@ifprimitive is available.
Package pdftexcmds Info: \pdfdraftmode found.
)
(/usr/local/texlive/2015/texmf-dist/tex/latex/oberdiek/epstopdf-base.sty
Package: epstopdf-base 2010/02/09 v2.5 Base part for package epstopdf

(/usr/local/texlive/2015/texmf-dist/tex/latex/oberdiek/grfext.sty
Package: grfext 2010/08/19 v1.1 Manage graphics extensions (HO)

(/usr/local/texlive/2015/texmf-dist/tex/generic/oberdiek/kvdefinekeys.sty
Package: kvdefinekeys 2011/04/07 v1.3 Define keys (HO)
))
(/usr/local/texlive/2015/texmf-dist/tex/latex/oberdiek/kvoptions.sty
Package: kvoptions 2011/06/30 v3.11 Key value format for package options (HO)

(/usr/local/texlive/2015/texmf-dist/tex/generic/oberdiek/kvsetkeys.sty
Package: kvsetkeys 2012/04/25 v1.16 Key value parser (HO)

(/usr/local/texlive/2015/texmf-dist/tex/generic/oberdiek/etexcmds.sty
Package: etexcmds 2011/02/16 v1.5 Avoid name clashes with e-TeX commands (HO)
Package etexcmds Info: Could not find \expanded.
(etexcmds)             That can mean that you are not using pdfTeX 1.50 or
(etexcmds)             that some package has redefined \expanded.
(etexcmds)             In the latter case, load this package earlier.
)))
Package grfext Info: Graphics extension search list:
(grfext)             [.png,.pdf,.jpg,.mps,.jpeg,.jbig2,.jb2,.PNG,.PDF,.JPG,.JPE
G,.JBIG2,.JB2,.eps]
(grfext)             \AppendGraphicsExtensions on input line 452.

(/usr/local/texlive/2015/texmf-dist/tex/latex/latexconfig/epstopdf-sys.cfg
File: epstopdf-sys.cfg 2010/07/13 v1.3 Configuration of (r)epstopdf for TeX Liv
e
))
Package caption Info: Begin \AtBeginDocument code.
Package caption Info: End \AtBeginDocument code.
LaTeX Font Info:    External font `cmex10' loaded for size
(Font)              <14.4> on input line 32.
LaTeX Font Info:    External font `cmex10' loaded for size
(Font)              <7> on input line 32.
LaTeX Font Info:    Try loading font information for OMS+cmr on input line 50.

(/usr/local/texlive/2015/texmf-dist/tex/latex/base/omscmr.fd
File: omscmr.fd 2014/09/29 v2.5h Standard LaTeX font definitions
)
LaTeX Font Info:    Font shape `OMS/cmr/m/n' in size <12> not available
(Font)              Font shape `OMS/cmsy/m/n' tried instead on input line 50.
 [1

{/usr/local/texlive/2015/texmf-var/fonts/map/pdftex/updmap/pdftex.map}]
<images/vertical/transaction_medium.png, id=10, 1027.84pt x 770.88pt>
File: images/vertical/transaction_medium.png Graphic file (type png)

<use images/vertical/transaction_medium.png>
Package pdftex.def Info: images/vertical/transaction_medium.png used on input l
ine 61.
(pdftex.def)             Requested size: 140.92792pt x 105.68755pt.

<images/vertical/transaction_large.png, id=11, 1027.84pt x 770.88pt>
File: images/vertical/transaction_large.png Graphic file (type png)

<use images/vertical/transaction_large.png>
Package pdftex.def Info: images/vertical/transaction_large.png used on input li
ne 66.
(pdftex.def)             Requested size: 140.92792pt x 105.68755pt.

<images/vertical/transaction_xlarge.png, id=12, 1027.84pt x 770.88pt>
File: images/vertical/transaction_xlarge.png Graphic file (type png)

<use images/vertical/transaction_xlarge.png>
Package pdftex.def Info: images/vertical/transaction_xlarge.png used on input l
ine 71.
(pdftex.def)             Requested size: 140.92792pt x 105.68755pt.

<images/vertical/http_code_medium.png, id=13, 1027.84pt x 770.88pt>
File: images/vertical/http_code_medium.png Graphic file (type png)

<use images/vertical/http_code_medium.png>
Package pdftex.def Info: images/vertical/http_code_medium.png used on input lin
e 80.
(pdftex.def)             Requested size: 140.92792pt x 105.68755pt.

<images/vertical/http_code_large.png, id=14, 1027.84pt x 770.88pt>
File: images/vertical/http_code_large.png Graphic file (type png)

<use images/vertical/http_code_large.png>
Package pdftex.def Info: images/vertical/http_code_large.png used on input line
 85.
(pdftex.def)             Requested size: 140.92792pt x 105.68755pt.

<images/vertical/http_code_xlarge.png, id=15, 1027.84pt x 770.88pt>
File: images/vertical/http_code_xlarge.png Graphic file (type png)

<use images/vertical/http_code_xlarge.png>
Package pdftex.def Info: images/vertical/http_code_xlarge.png used on input lin
e 90.
(pdftex.def)             Requested size: 140.92792pt x 105.68755pt.

<images/vertical/users_simul_medium.png, id=16, 1027.84pt x 770.88pt>
File: images/vertical/users_simul_medium.png Graphic file (type png)

<use images/vertical/users_simul_medium.png>
Package pdftex.def Info: images/vertical/users_simul_medium.png used on input l
ine 99.
(pdftex.def)             Requested size: 140.92792pt x 105.68755pt.

<images/vertical/users_simul_large.png, id=17, 1027.84pt x 770.88pt>
File: images/vertical/users_simul_large.png Graphic file (type png)

<use images/vertical/users_simul_large.png>
Package pdftex.def Info: images/vertical/users_simul_large.png used on input li
ne 104.
(pdftex.def)             Requested size: 140.92792pt x 105.68755pt.

<images/vertical/users_simul_xlarge.png, id=18, 1027.84pt x 770.88pt>
File: images/vertical/users_simul_xlarge.png Graphic file (type png)

<use images/vertical/users_simul_xlarge.png>
Package pdftex.def Info: images/vertical/users_simul_xlarge.png used on input l
ine 109.
(pdftex.def)             Requested size: 140.92792pt x 105.68755pt.
 [2 <./images/vertical/transaction_medium.png> <./images/vertical/transaction_l
arge.png> <./images/vertical/transaction_xlarge.png> <./images/vertical/http_co
de_medium.png> <./images/vertical/http_code_large.png> <./images/vertical/http_
code_xlarge.png> <./images/vertical/users_simul_medium.png> <./images/vertical/
users_simul_large.png> <./images/vertical/users_simul_xlarge.png>] [3]
<images/horizontal_m3large_dbm3large/transaction_1.png, id=35, 1027.84pt x 770.
88pt>
File: images/horizontal_m3large_dbm3large/transaction_1.png Graphic file (type 
png)
 <use images/horizontal_m3large_dbm3large/transaction_1.png>
Package pdftex.def Info: images/horizontal_m3large_dbm3large/transaction_1.png 
used on input line 135.
(pdftex.def)             Requested size: 140.92792pt x 105.68755pt.

<images/horizontal_m3large_dbm3large/transaction_2.png, id=36, 1027.84pt x 770.
88pt>
File: images/horizontal_m3large_dbm3large/transaction_2.png Graphic file (type 
png)
 <use images/horizontal_m3large_dbm3large/transaction_2.png>
Package pdftex.def Info: images/horizontal_m3large_dbm3large/transaction_2.png 
used on input line 140.
(pdftex.def)             Requested size: 140.92792pt x 105.68755pt.

<images/horizontal_m3large_dbm3large/transaction_4.png, id=37, 1027.84pt x 770.
88pt>
File: images/horizontal_m3large_dbm3large/transaction_4.png Graphic file (type 
png)
 <use images/horizontal_m3large_dbm3large/transaction_4.png>
Package pdftex.def Info: images/horizontal_m3large_dbm3large/transaction_4.png 
used on input line 145.
(pdftex.def)             Requested size: 140.92792pt x 105.68755pt.

<images/horizontal_m3large_dbm3large/http_1.png, id=38, 1027.84pt x 770.88pt>
File: images/horizontal_m3large_dbm3large/http_1.png Graphic file (type png)

<use images/horizontal_m3large_dbm3large/http_1.png>
Package pdftex.def Info: images/horizontal_m3large_dbm3large/http_1.png used on
 input line 154.
(pdftex.def)             Requested size: 140.92792pt x 105.68755pt.

<images/horizontal_m3large_dbm3large/http_2.png, id=39, 1027.84pt x 770.88pt>
File: images/horizontal_m3large_dbm3large/http_2.png Graphic file (type png)

<use images/horizontal_m3large_dbm3large/http_2.png>
Package pdftex.def Info: images/horizontal_m3large_dbm3large/http_2.png used on
 input line 159.
(pdftex.def)             Requested size: 140.92792pt x 105.68755pt.

<images/horizontal_m3large_dbm3large/http_4.png, id=40, 1027.84pt x 770.88pt>
File: images/horizontal_m3large_dbm3large/http_4.png Graphic file (type png)

<use images/horizontal_m3large_dbm3large/http_4.png>
Package pdftex.def Info: images/horizontal_m3large_dbm3large/http_4.png used on
 input line 164.
(pdftex.def)             Requested size: 140.92792pt x 105.68755pt.

<images/horizontal_m3large_dbm3large/sim_users_1.png, id=41, 1027.84pt x 770.88
pt>
File: images/horizontal_m3large_dbm3large/sim_users_1.png Graphic file (type pn
g)
 <use images/horizontal_m3large_dbm3large/sim_users_1.png>
Package pdftex.def Info: images/horizontal_m3large_dbm3large/sim_users_1.png us
ed on input line 173.
(pdftex.def)             Requested size: 140.92792pt x 105.68755pt.

<images/horizontal_m3large_dbm3large/sim_users_2.png, id=42, 1027.84pt x 770.88
pt>
File: images/horizontal_m3large_dbm3large/sim_users_2.png Graphic file (type pn
g)
 <use images/horizontal_m3large_dbm3large/sim_users_2.png>
Package pdftex.def Info: images/horizontal_m3large_dbm3large/sim_users_2.png us
ed on input line 178.
(pdftex.def)             Requested size: 140.92792pt x 105.68755pt.

<images/horizontal_m3large_dbm3large/sim_users_4.png, id=43, 1027.84pt x 770.88
pt>
File: images/horizontal_m3large_dbm3large/sim_users_4.png Graphic file (type pn
g)
 <use images/horizontal_m3large_dbm3large/sim_users_4.png>
Package pdftex.def Info: images/horizontal_m3large_dbm3large/sim_users_4.png us
ed on input line 183.
(pdftex.def)             Requested size: 140.92792pt x 105.68755pt.
 [4 <./images/horizontal_m3large_dbm3large/transaction_1.png> <./images/horizon
tal_m3large_dbm3large/transaction_2.png> <./images/horizontal_m3large_dbm3large
/transaction_4.png> <./images/horizontal_m3large_dbm3large/http_1.png> <./image
s/horizontal_m3large_dbm3large/http_2.png> <./images/horizontal_m3large_dbm3lar
ge/http_4.png> <./images/horizontal_m3large_dbm3large/sim_users_1.png> <./image
s/horizontal_m3large_dbm3large/sim_users_2.png> <./images/horizontal_m3large_db
m3large/sim_users_4.png>] (./report.aux) ) 
Here is how much of TeX's memory you used:
 2760 strings out of 493089
 46222 string characters out of 6134842
 101864 words of memory out of 5000000
 6226 multiletter control sequences out of 15000+600000
 6927 words of font info for 25 fonts, out of 8000000 for 9000
 1141 hyphenation exceptions out of 8191
 42i,7n,40p,246b,434s stack positions out of 5000i,500n,10000p,200000b,80000s
</usr/local/texlive/2015/texmf-dist/f
onts/type1/public/amsfonts/cm/cmbx12.pfb></usr/local/texlive/2015/texmf-dist/fo
nts/type1/public/amsfonts/cm/cmr10.pfb></usr/local/texlive/2015/texmf-dist/font
s/type1/public/amsfonts/cm/cmr12.pfb></usr/local/texlive/2015/texmf-dist/fonts/
type1/public/amsfonts/cm/cmr17.pfb></usr/local/texlive/2015/texmf-dist/fonts/ty
pe1/public/amsfonts/cm/cmsy10.pfb>
Output written on report.pdf (4 pages, 419540 bytes).
PDF statistics:
 73 PDF objects out of 1000 (max. 8388607)
 25 compressed objects within 1 object stream
 0 named destinations out of 1000 (max. 500000)
 91 words of extra memory for PDF output out of 10000 (max. 10000000)

